                                      1 ;--------------------------------------------------------
                                      2 ; File Created by SDCC : free open source ANSI-C Compiler
                                      3 ; Version 4.0.7 #11994 (Linux)
                                      4 ;--------------------------------------------------------
                                      5 	.module main
                                      6 	.optsdcc -mstm8
                                      7 	
                                      8 ;--------------------------------------------------------
                                      9 ; Public variables in this module
                                     10 ;--------------------------------------------------------
                                     11 	.globl _main
                                     12 	.globl _micros
                                     13 	.globl _TIM4_Config
                                     14 	.globl _lfsr
                                     15 	.globl _lastClick
                                     16 	.globl _setup
                                     17 	.globl _generateNoise
                                     18 	.globl _loop
                                     19 ;--------------------------------------------------------
                                     20 ; ram data
                                     21 ;--------------------------------------------------------
                                     22 	.area DATA
                           000000    23 G$lastClick$0_0$0==.
      000000                         24 _lastClick::
      000000                         25 	.ds 4
                                     26 ;--------------------------------------------------------
                                     27 ; ram data
                                     28 ;--------------------------------------------------------
                                     29 	.area INITIALIZED
                           000000    30 G$lfsr$0_0$0==.
      000000                         31 _lfsr::
      000000                         32 	.ds 4
                                     33 ;--------------------------------------------------------
                                     34 ; Stack segment in internal ram 
                                     35 ;--------------------------------------------------------
                                     36 	.area	SSEG
      000000                         37 __start__stack:
      000000                         38 	.ds	1
                                     39 
                                     40 ;--------------------------------------------------------
                                     41 ; absolute external ram data
                                     42 ;--------------------------------------------------------
                                     43 	.area DABS (ABS)
                                     44 
                                     45 ; default segment ordering for linker
                                     46 	.area HOME
                                     47 	.area GSINIT
                                     48 	.area GSFINAL
                                     49 	.area CONST
                                     50 	.area INITIALIZER
                                     51 	.area CODE
                                     52 
                                     53 ;--------------------------------------------------------
                                     54 ; interrupt vector 
                                     55 ;--------------------------------------------------------
                                     56 	.area HOME
      000000                         57 __interrupt_vect:
      000000 82v00u00u00             58 	int s_GSINIT ; reset
      000004 82 00 00 00             59 	int 0x000000 ; trap
      000008 82 00 00 00             60 	int 0x000000 ; int0
      00000C 82 00 00 00             61 	int 0x000000 ; int1
      000010 82 00 00 00             62 	int 0x000000 ; int2
      000014 82 00 00 00             63 	int 0x000000 ; int3
      000018 82 00 00 00             64 	int 0x000000 ; int4
      00001C 82 00 00 00             65 	int 0x000000 ; int5
      000020 82 00 00 00             66 	int 0x000000 ; int6
      000024 82 00 00 00             67 	int 0x000000 ; int7
      000028 82 00 00 00             68 	int 0x000000 ; int8
      00002C 82 00 00 00             69 	int 0x000000 ; int9
      000030 82 00 00 00             70 	int 0x000000 ; int10
      000034 82 00 00 00             71 	int 0x000000 ; int11
      000038 82 00 00 00             72 	int 0x000000 ; int12
      00003C 82 00 00 00             73 	int 0x000000 ; int13
      000040 82 00 00 00             74 	int 0x000000 ; int14
      000044 82 00 00 00             75 	int 0x000000 ; int15
      000048 82 00 00 00             76 	int 0x000000 ; int16
      00004C 82 00 00 00             77 	int 0x000000 ; int17
      000050 82 00 00 00             78 	int 0x000000 ; int18
      000054 82 00 00 00             79 	int 0x000000 ; int19
      000058 82 00 00 00             80 	int 0x000000 ; int20
      00005C 82 00 00 00             81 	int 0x000000 ; int21
      000060 82 00 00 00             82 	int 0x000000 ; int22
      000064 82v00u00u00             83 	int _TIM4_UPD_OVF_IRQHandler ; int23
                                     84 ;--------------------------------------------------------
                                     85 ; global & static initialisations
                                     86 ;--------------------------------------------------------
                                     87 	.area HOME
                                     88 	.area GSINIT
                                     89 	.area GSFINAL
                                     90 	.area GSINIT
      000000                         91 __sdcc_init_data:
                                     92 ; stm8_genXINIT() start
      000000 AEr00r00         [ 2]   93 	ldw x, #l_DATA
      000003 27 07            [ 1]   94 	jreq	00002$
      000005                         95 00001$:
      000005 72 4FuFFuFF      [ 1]   96 	clr (s_DATA - 1, x)
      000009 5A               [ 2]   97 	decw x
      00000A 26 F9            [ 1]   98 	jrne	00001$
      00000C                         99 00002$:
      00000C AEr00r00         [ 2]  100 	ldw	x, #l_INITIALIZER
      00000F 27 09            [ 1]  101 	jreq	00004$
      000011                        102 00003$:
      000011 D6uFFuFF         [ 1]  103 	ld	a, (s_INITIALIZER - 1, x)
      000014 D7uFFuFF         [ 1]  104 	ld	(s_INITIALIZED - 1, x), a
      000017 5A               [ 2]  105 	decw	x
      000018 26 F7            [ 1]  106 	jrne	00003$
      00001A                        107 00004$:
                                    108 ; stm8_genXINIT() end
                                    109 	.area GSFINAL
      000000 CCr00r68         [ 2]  110 	jp	__sdcc_program_startup
                                    111 ;--------------------------------------------------------
                                    112 ; Home
                                    113 ;--------------------------------------------------------
                                    114 	.area HOME
                                    115 	.area HOME
      000068                        116 __sdcc_program_startup:
      000068 CCr00rCD         [ 2]  117 	jp	_main
                                    118 ;	return from main will return to caller
                                    119 ;--------------------------------------------------------
                                    120 ; code
                                    121 ;--------------------------------------------------------
                                    122 	.area CODE
                           000000   123 	Smain$setup$0 ==.
                                    124 ;	main.c: 21: void setup() {
                                    125 ;	-----------------------------------------
                                    126 ;	 function setup
                                    127 ;	-----------------------------------------
      000000                        128 _setup:
                           000000   129 	Smain$setup$1 ==.
                           000000   130 	Smain$setup$2 ==.
                           000000   131 	Smain$setup$3 ==.
                                    132 ;	inc/stm8s_clk.h: 741: CLK->CKDIVR &= (uint8_t) (~CLK_CKDIVR_HSIDIV);
      000000 C6 50 C6         [ 1]  133 	ld	a, 0x50c6
      000003 A4 E7            [ 1]  134 	and	a, #0xe7
      000005 C7 50 C6         [ 1]  135 	ld	0x50c6, a
                           000008   136 	Smain$setup$4 ==.
                                    137 ;	inc/stm8s_clk.h: 744: CLK->CKDIVR |= (uint8_t) HSIPrescaler;
      000008 C6 50 C6         [ 1]  138 	ld	a, 0x50c6
      00000B C7 50 C6         [ 1]  139 	ld	0x50c6, a
                           00000E   140 	Smain$setup$5 ==.
                           00000E   141 	Smain$setup$5 ==.
                           00000E   142 	Smain$setup$6 ==.
                                    143 ;	inc/stm8s_gpio.h: 186: GPIOx->ODR = GPIO_ODR_RESET_VALUE; /* Reset Output Data Register */
      00000E 35 00 50 0F      [ 1]  144 	mov	0x500f+0, #0x00
                           000012   145 	Smain$setup$7 ==.
                                    146 ;	inc/stm8s_gpio.h: 187: GPIOx->DDR = GPIO_DDR_RESET_VALUE; /* Reset Data Direction Register */
      000012 35 00 50 11      [ 1]  147 	mov	0x5011+0, #0x00
                           000016   148 	Smain$setup$8 ==.
                                    149 ;	inc/stm8s_gpio.h: 188: GPIOx->CR1 = GPIO_CR1_RESET_VALUE; /* Reset Control Register 1 */
      000016 35 00 50 12      [ 1]  150 	mov	0x5012+0, #0x00
                           00001A   151 	Smain$setup$9 ==.
                                    152 ;	inc/stm8s_gpio.h: 189: GPIOx->CR2 = GPIO_CR2_RESET_VALUE; /* Reset Control Register 2 */
      00001A 35 00 50 13      [ 1]  153 	mov	0x5013+0, #0x00
                           00001E   154 	Smain$setup$10 ==.
                           00001E   155 	Smain$setup$10 ==.
                           00001E   156 	Smain$setup$11 ==.
                                    157 ;	inc/stm8s_gpio.h: 212: GPIOx->CR2 &= (uint8_t) (~(GPIO_Pin));
      00001E 72 19 50 13      [ 1]  158 	bres	20499, #4
                           000022   159 	Smain$setup$12 ==.
                           000022   160 	Smain$setup$13 ==.
                                    161 ;	inc/stm8s_gpio.h: 222: GPIOx->ODR |= (uint8_t) GPIO_Pin;
      000022 72 18 50 0F      [ 1]  162 	bset	20495, #4
                           000026   163 	Smain$setup$14 ==.
                           000026   164 	Smain$setup$14 ==.
                           000026   165 	Smain$setup$15 ==.
                                    166 ;	inc/stm8s_gpio.h: 228: GPIOx->DDR |= (uint8_t) GPIO_Pin;
      000026 72 18 50 11      [ 1]  167 	bset	20497, #4
                           00002A   168 	Smain$setup$16 ==.
                           00002A   169 	Smain$setup$16 ==.
                           00002A   170 	Smain$setup$17 ==.
                                    171 ;	inc/stm8s_gpio.h: 241: GPIOx->CR1 |= (uint8_t) GPIO_Pin;
      00002A 72 18 50 12      [ 1]  172 	bset	20498, #4
                           00002E   173 	Smain$setup$18 ==.
                           00002E   174 	Smain$setup$18 ==.
                           00002E   175 	Smain$setup$19 ==.
                                    176 ;	inc/stm8s_gpio.h: 256: GPIOx->CR2 &= (uint8_t) (~(GPIO_Pin));
      00002E 72 19 50 13      [ 1]  177 	bres	20499, #4
                           000032   178 	Smain$setup$20 ==.
                           000032   179 	Smain$setup$20 ==.
                           000032   180 	Smain$setup$21 ==.
                                    181 ;	inc/stm8s_gpio.h: 212: GPIOx->CR2 &= (uint8_t) (~(GPIO_Pin));
      000032 72 1B 50 13      [ 1]  182 	bres	20499, #5
                           000036   183 	Smain$setup$22 ==.
                           000036   184 	Smain$setup$23 ==.
                                    185 ;	inc/stm8s_gpio.h: 222: GPIOx->ODR |= (uint8_t) GPIO_Pin;
      000036 72 1A 50 0F      [ 1]  186 	bset	20495, #5
                           00003A   187 	Smain$setup$24 ==.
                           00003A   188 	Smain$setup$24 ==.
                           00003A   189 	Smain$setup$25 ==.
                                    190 ;	inc/stm8s_gpio.h: 228: GPIOx->DDR |= (uint8_t) GPIO_Pin;
      00003A 72 1A 50 11      [ 1]  191 	bset	20497, #5
                           00003E   192 	Smain$setup$26 ==.
                           00003E   193 	Smain$setup$26 ==.
                           00003E   194 	Smain$setup$27 ==.
                                    195 ;	inc/stm8s_gpio.h: 241: GPIOx->CR1 |= (uint8_t) GPIO_Pin;
      00003E 72 1A 50 12      [ 1]  196 	bset	20498, #5
                           000042   197 	Smain$setup$28 ==.
                           000042   198 	Smain$setup$28 ==.
                           000042   199 	Smain$setup$29 ==.
                                    200 ;	inc/stm8s_gpio.h: 256: GPIOx->CR2 &= (uint8_t) (~(GPIO_Pin));
      000042 72 1B 50 13      [ 1]  201 	bres	20499, #5
                           000046   202 	Smain$setup$30 ==.
                           000046   203 	Smain$setup$31 ==.
                                    204 ;	main.c: 26: TIM4_Config(); //start system timer
      000046 CDr00r00         [ 4]  205 	call	_TIM4_Config
                           000049   206 	Smain$setup$32 ==.
                                    207 ;	main.c: 27: lastClick = micros();
      000049 CDr00r00         [ 4]  208 	call	_micros
      00004C CFu00u02         [ 2]  209 	ldw	_lastClick+2, x
      00004F 90 CFu00u00      [ 2]  210 	ldw	_lastClick+0, y
                           000053   211 	Smain$setup$33 ==.
                                    212 ;	main.c: 28: }
                           000053   213 	Smain$setup$34 ==.
                           000053   214 	XG$setup$0$0 ==.
      000053 81               [ 4]  215 	ret
                           000054   216 	Smain$setup$35 ==.
                           000054   217 	Smain$generateNoise$36 ==.
                                    218 ;	main.c: 30: unsigned int generateNoise(){ 
                                    219 ;	-----------------------------------------
                                    220 ;	 function generateNoise
                                    221 ;	-----------------------------------------
      000054                        222 _generateNoise:
                           000054   223 	Smain$generateNoise$37 ==.
      000054 52 04            [ 2]  224 	sub	sp, #4
                           000056   225 	Smain$generateNoise$38 ==.
                           000056   226 	Smain$generateNoise$39 ==.
                                    227 ;	main.c: 36: if(lfsr & 1) { lfsr =  (lfsr >>1) ^ LFSR_MASK ; return(1);}
      000056 CEu00u02         [ 2]  228 	ldw	x, _lfsr+2
      000059 90 CEu00u00      [ 2]  229 	ldw	y, _lfsr+0
      00005D 17 01            [ 2]  230 	ldw	(0x01, sp), y
      00005F 04 01            [ 1]  231 	srl	(0x01, sp)
      000061 06 02            [ 1]  232 	rrc	(0x02, sp)
      000063 56               [ 2]  233 	rrcw	x
      000064 72 01u00u03 1C   [ 2]  234 	btjf	_lfsr+3, #0, 00102$
                           000069   235 	Smain$generateNoise$40 ==.
      000069 9F               [ 1]  236 	ld	a, xl
      00006A A8 06            [ 1]  237 	xor	a, #0x06
      00006C 02               [ 1]  238 	rlwa	x
      00006D A8 80            [ 1]  239 	xor	a, #0x80
      00006F 95               [ 1]  240 	ld	xh, a
      000070 7B 02            [ 1]  241 	ld	a, (0x02, sp)
      000072 90 97            [ 1]  242 	ld	yl, a
      000074 7B 01            [ 1]  243 	ld	a, (0x01, sp)
      000076 A8 80            [ 1]  244 	xor	a, #0x80
      000078 90 95            [ 1]  245 	ld	yh, a
      00007A CFu00u02         [ 2]  246 	ldw	_lfsr+2, x
      00007D 90 CFu00u00      [ 2]  247 	ldw	_lfsr+0, y
      000081 5F               [ 1]  248 	clrw	x
      000082 5C               [ 1]  249 	incw	x
      000083 20 09            [ 2]  250 	jra	00104$
                           000085   251 	Smain$generateNoise$41 ==.
      000085                        252 00102$:
                           000085   253 	Smain$generateNoise$42 ==.
                           000085   254 	Smain$generateNoise$43 ==.
                                    255 ;	main.c: 37: else         { lfsr >>= 1;                      return(0);}
      000085 CFu00u02         [ 2]  256 	ldw	_lfsr+2, x
      000088 1E 01            [ 2]  257 	ldw	x, (0x01, sp)
      00008A CFu00u00         [ 2]  258 	ldw	_lfsr+0, x
      00008D 5F               [ 1]  259 	clrw	x
                           00008E   260 	Smain$generateNoise$44 ==.
      00008E                        261 00104$:
                           00008E   262 	Smain$generateNoise$45 ==.
                                    263 ;	main.c: 38: }
      00008E 5B 04            [ 2]  264 	addw	sp, #4
                           000090   265 	Smain$generateNoise$46 ==.
                           000090   266 	Smain$generateNoise$47 ==.
                           000090   267 	XG$generateNoise$0$0 ==.
      000090 81               [ 4]  268 	ret
                           000091   269 	Smain$generateNoise$48 ==.
                           000091   270 	Smain$loop$49 ==.
                                    271 ;	main.c: 41: void loop() {
                                    272 ;	-----------------------------------------
                                    273 ;	 function loop
                                    274 ;	-----------------------------------------
      000091                        275 _loop:
                           000091   276 	Smain$loop$50 ==.
      000091 52 04            [ 2]  277 	sub	sp, #4
                           000093   278 	Smain$loop$51 ==.
                           000093   279 	Smain$loop$52 ==.
                                    280 ;	main.c: 42: if ((micros() - lastClick) > 200 ) { // Changing this value changes the frequency.
      000093 CDr00r00         [ 4]  281 	call	_micros
      000096 51               [ 1]  282 	exgw	x, y
      000097 72 B2u00u02      [ 2]  283 	subw	y, _lastClick+2
      00009B 17 03            [ 2]  284 	ldw	(0x03, sp), y
      00009D 9F               [ 1]  285 	ld	a, xl
      00009E C2u00u01         [ 1]  286 	sbc	a, _lastClick+1
      0000A1 6B 02            [ 1]  287 	ld	(0x02, sp), a
      0000A3 9E               [ 1]  288 	ld	a, xh
      0000A4 C2u00u00         [ 1]  289 	sbc	a, _lastClick+0
      0000A7 6B 01            [ 1]  290 	ld	(0x01, sp), a
      0000A9 AE 00 C8         [ 2]  291 	ldw	x, #0x00c8
      0000AC 13 03            [ 2]  292 	cpw	x, (0x03, sp)
      0000AE 4F               [ 1]  293 	clr	a
      0000AF 12 02            [ 1]  294 	sbc	a, (0x02, sp)
      0000B1 4F               [ 1]  295 	clr	a
      0000B2 12 01            [ 1]  296 	sbc	a, (0x01, sp)
      0000B4 24 14            [ 1]  297 	jrnc	00106$
                           0000B6   298 	Smain$loop$53 ==.
                           0000B6   299 	Smain$loop$54 ==.
                                    300 ;	main.c: 43: lastClick = micros();
      0000B6 CDr00r00         [ 4]  301 	call	_micros
      0000B9 CFu00u02         [ 2]  302 	ldw	_lastClick+2, x
      0000BC 90 CFu00u00      [ 2]  303 	ldw	_lastClick+0, y
                           0000C0   304 	Smain$loop$55 ==.
                                    305 ;	main.c: 44: if (generateNoise())
      0000C0 CDr00r54         [ 4]  306 	call	_generateNoise
      0000C3 5D               [ 2]  307 	tnzw	x
      0000C4 27 04            [ 1]  308 	jreq	00106$
                           0000C6   309 	Smain$loop$56 ==.
                           0000C6   310 	Smain$loop$57 ==.
                                    311 ;	inc/stm8s_gpio.h: 309: GPIOx->ODR ^= (uint8_t) PortPins;
      0000C6 90 18 50 0F      [ 1]  312 	bcpl	20495, #4
                           0000CA   313 	Smain$loop$58 ==.
                           0000CA   314 	Smain$loop$59 ==.
                                    315 ;	main.c: 45: GPIO_WriteReverse(speakerPin);
      0000CA                        316 00106$:
                           0000CA   317 	Smain$loop$60 ==.
                                    318 ;	main.c: 47: }
      0000CA 5B 04            [ 2]  319 	addw	sp, #4
                           0000CC   320 	Smain$loop$61 ==.
                           0000CC   321 	Smain$loop$62 ==.
                           0000CC   322 	XG$loop$0$0 ==.
      0000CC 81               [ 4]  323 	ret
                           0000CD   324 	Smain$loop$63 ==.
                           0000CD   325 	Smain$main$64 ==.
                                    326 ;	main.c: 49: void main(){
                                    327 ;	-----------------------------------------
                                    328 ;	 function main
                                    329 ;	-----------------------------------------
      0000CD                        330 _main:
                           0000CD   331 	Smain$main$65 ==.
                           0000CD   332 	Smain$main$66 ==.
                                    333 ;	main.c: 50: setup();
      0000CD CDr00r00         [ 4]  334 	call	_setup
                           0000D0   335 	Smain$main$67 ==.
                                    336 ;	main.c: 51: while(1)
      0000D0                        337 00102$:
                           0000D0   338 	Smain$main$68 ==.
                                    339 ;	main.c: 52: loop();
      0000D0 CDr00r91         [ 4]  340 	call	_loop
      0000D3 20 FB            [ 2]  341 	jra	00102$
                           0000D5   342 	Smain$main$69 ==.
                                    343 ;	main.c: 53: }
                           0000D5   344 	Smain$main$70 ==.
                           0000D5   345 	XG$main$0$0 ==.
      0000D5 81               [ 4]  346 	ret
                           0000D6   347 	Smain$main$71 ==.
                                    348 	.area CODE
                                    349 	.area CONST
                           000000   350 Lmain.AWU_Init$APR_Array$1_0$122 == .
      000000                        351 _AWU_Init_APR_Array_65536_122:
      000000 00                     352 	.db #0x00	; 0
      000001 1E                     353 	.db #0x1e	; 30
      000002 1E                     354 	.db #0x1e	; 30
      000003 1E                     355 	.db #0x1e	; 30
      000004 1E                     356 	.db #0x1e	; 30
      000005 1E                     357 	.db #0x1e	; 30
      000006 1E                     358 	.db #0x1e	; 30
      000007 1E                     359 	.db #0x1e	; 30
      000008 1E                     360 	.db #0x1e	; 30
      000009 1E                     361 	.db #0x1e	; 30
      00000A 1E                     362 	.db #0x1e	; 30
      00000B 1E                     363 	.db #0x1e	; 30
      00000C 1E                     364 	.db #0x1e	; 30
      00000D 3D                     365 	.db #0x3d	; 61
      00000E 17                     366 	.db #0x17	; 23
      00000F 17                     367 	.db #0x17	; 23
      000010 3E                     368 	.db #0x3e	; 62
                           000011   369 Lmain.AWU_Init$TBR_Array$1_0$122 == .
      000011                        370 _AWU_Init_TBR_Array_65536_122:
      000011 00                     371 	.db #0x00	; 0
      000012 01                     372 	.db #0x01	; 1
      000013 02                     373 	.db #0x02	; 2
      000014 03                     374 	.db #0x03	; 3
      000015 04                     375 	.db #0x04	; 4
      000016 05                     376 	.db #0x05	; 5
      000017 06                     377 	.db #0x06	; 6
      000018 07                     378 	.db #0x07	; 7
      000019 08                     379 	.db #0x08	; 8
      00001A 09                     380 	.db #0x09	; 9
      00001B 0A                     381 	.db #0x0a	; 10
      00001C 0B                     382 	.db #0x0b	; 11
      00001D 0C                     383 	.db #0x0c	; 12
      00001E 0C                     384 	.db #0x0c	; 12
      00001F 0E                     385 	.db #0x0e	; 14
      000020 0F                     386 	.db #0x0f	; 15
      000021 0F                     387 	.db #0x0f	; 15
                                    388 	.area INITIALIZER
                           000000   389 Fmain$__xinit_lfsr$0_0$0 == .
      000000                        390 __xinit__lfsr:
      000000 FE ED FA CE            391 	.byte #0xfe, #0xed, #0xfa, #0xce	; 4277009102
                                    392 	.area CABS (ABS)
                                    393 
                                    394 	.area .debug_line (NOLOAD)
      000000 00 00 01 DA            395 	.dw	0,Ldebug_line_end-Ldebug_line_start
      000004                        396 Ldebug_line_start:
      000004 00 02                  397 	.dw	2
      000006 00 00 00 C5            398 	.dw	0,Ldebug_line_stmt-6-Ldebug_line_start
      00000A 01                     399 	.db	1
      00000B 01                     400 	.db	1
      00000C FB                     401 	.db	-5
      00000D 0F                     402 	.db	15
      00000E 0A                     403 	.db	10
      00000F 00                     404 	.db	0
      000010 01                     405 	.db	1
      000011 01                     406 	.db	1
      000012 01                     407 	.db	1
      000013 01                     408 	.db	1
      000014 00                     409 	.db	0
      000015 00                     410 	.db	0
      000016 00                     411 	.db	0
      000017 01                     412 	.db	1
      000018 2F 75 73 72 2F 62 69   413 	.ascii "/usr/bin/../share/sdcc/include/stm8"
             6E 2F 2E 2E 2F 73 68
             61 72 65 2F 73 64 63
             63 2F 69 6E 63 6C 75
             64 65 2F 73 74 6D 38
      00003B 00                     414 	.db	0
      00003C 2F 75 73 72 2F 6C 6F   415 	.ascii "/usr/local/share/sdcc/include/stm8"
             63 61 6C 2F 73 68 61
             72 65 2F 73 64 63 63
             2F 69 6E 63 6C 75 64
             65 2F 73 74 6D 38
      00005E 00                     416 	.db	0
      00005F 2F 75 73 72 2F 62 69   417 	.ascii "/usr/bin/../share/sdcc/include"
             6E 2F 2E 2E 2F 73 68
             61 72 65 2F 73 64 63
             63 2F 69 6E 63 6C 75
             64 65
      00007D 00                     418 	.db	0
      00007E 2F 75 73 72 2F 6C 6F   419 	.ascii "/usr/local/share/sdcc/include"
             63 61 6C 2F 73 68 61
             72 65 2F 73 64 63 63
             2F 69 6E 63 6C 75 64
             65
      00009B 00                     420 	.db	0
      00009C 00                     421 	.db	0
      00009D 6D 61 69 6E 2E 63      422 	.ascii "main.c"
      0000A3 00                     423 	.db	0
      0000A4 00                     424 	.uleb128	0
      0000A5 00                     425 	.uleb128	0
      0000A6 00                     426 	.uleb128	0
      0000A7 69 6E 63 2F 73 74 6D   427 	.ascii "inc/stm8s_clk.h"
             38 73 5F 63 6C 6B 2E
             68
      0000B6 00                     428 	.db	0
      0000B7 00                     429 	.uleb128	0
      0000B8 00                     430 	.uleb128	0
      0000B9 00                     431 	.uleb128	0
      0000BA 69 6E 63 2F 73 74 6D   432 	.ascii "inc/stm8s_gpio.h"
             38 73 5F 67 70 69 6F
             2E 68
      0000CA 00                     433 	.db	0
      0000CB 00                     434 	.uleb128	0
      0000CC 00                     435 	.uleb128	0
      0000CD 00                     436 	.uleb128	0
      0000CE 00                     437 	.db	0
      0000CF                        438 Ldebug_line_stmt:
      0000CF 00                     439 	.db	0
      0000D0 05                     440 	.uleb128	5
      0000D1 02                     441 	.db	2
      0000D2 00 00r00r00            442 	.dw	0,(Smain$setup$0)
      0000D6 03                     443 	.db	3
      0000D7 14                     444 	.sleb128	20
      0000D8 01                     445 	.db	1
      0000D9 04                     446 	.db	4
      0000DA 02                     447 	.uleb128	2
      0000DB 09                     448 	.db	9
      0000DC 00 00                  449 	.dw	Smain$setup$3-Smain$setup$0
      0000DE 03                     450 	.db	3
      0000DF D0 05                  451 	.sleb128	720
      0000E1 01                     452 	.db	1
      0000E2 09                     453 	.db	9
      0000E3 00 08                  454 	.dw	Smain$setup$4-Smain$setup$3
      0000E5 03                     455 	.db	3
      0000E6 03                     456 	.sleb128	3
      0000E7 01                     457 	.db	1
      0000E8 04                     458 	.db	4
      0000E9 03                     459 	.uleb128	3
      0000EA 09                     460 	.db	9
      0000EB 00 06                  461 	.dw	Smain$setup$6-Smain$setup$4
      0000ED 03                     462 	.db	3
      0000EE D2 7B                  463 	.sleb128	-558
      0000F0 01                     464 	.db	1
      0000F1 09                     465 	.db	9
      0000F2 00 04                  466 	.dw	Smain$setup$7-Smain$setup$6
      0000F4 03                     467 	.db	3
      0000F5 01                     468 	.sleb128	1
      0000F6 01                     469 	.db	1
      0000F7 09                     470 	.db	9
      0000F8 00 04                  471 	.dw	Smain$setup$8-Smain$setup$7
      0000FA 03                     472 	.db	3
      0000FB 01                     473 	.sleb128	1
      0000FC 01                     474 	.db	1
      0000FD 09                     475 	.db	9
      0000FE 00 04                  476 	.dw	Smain$setup$9-Smain$setup$8
      000100 03                     477 	.db	3
      000101 01                     478 	.sleb128	1
      000102 01                     479 	.db	1
      000103 09                     480 	.db	9
      000104 00 04                  481 	.dw	Smain$setup$11-Smain$setup$9
      000106 03                     482 	.db	3
      000107 17                     483 	.sleb128	23
      000108 01                     484 	.db	1
      000109 09                     485 	.db	9
      00010A 00 04                  486 	.dw	Smain$setup$13-Smain$setup$11
      00010C 03                     487 	.db	3
      00010D 0A                     488 	.sleb128	10
      00010E 01                     489 	.db	1
      00010F 09                     490 	.db	9
      000110 00 04                  491 	.dw	Smain$setup$15-Smain$setup$13
      000112 03                     492 	.db	3
      000113 06                     493 	.sleb128	6
      000114 01                     494 	.db	1
      000115 09                     495 	.db	9
      000116 00 04                  496 	.dw	Smain$setup$17-Smain$setup$15
      000118 03                     497 	.db	3
      000119 0D                     498 	.sleb128	13
      00011A 01                     499 	.db	1
      00011B 09                     500 	.db	9
      00011C 00 04                  501 	.dw	Smain$setup$19-Smain$setup$17
      00011E 03                     502 	.db	3
      00011F 0F                     503 	.sleb128	15
      000120 01                     504 	.db	1
      000121 09                     505 	.db	9
      000122 00 04                  506 	.dw	Smain$setup$21-Smain$setup$19
      000124 03                     507 	.db	3
      000125 54                     508 	.sleb128	-44
      000126 01                     509 	.db	1
      000127 09                     510 	.db	9
      000128 00 04                  511 	.dw	Smain$setup$23-Smain$setup$21
      00012A 03                     512 	.db	3
      00012B 0A                     513 	.sleb128	10
      00012C 01                     514 	.db	1
      00012D 09                     515 	.db	9
      00012E 00 04                  516 	.dw	Smain$setup$25-Smain$setup$23
      000130 03                     517 	.db	3
      000131 06                     518 	.sleb128	6
      000132 01                     519 	.db	1
      000133 09                     520 	.db	9
      000134 00 04                  521 	.dw	Smain$setup$27-Smain$setup$25
      000136 03                     522 	.db	3
      000137 0D                     523 	.sleb128	13
      000138 01                     524 	.db	1
      000139 09                     525 	.db	9
      00013A 00 04                  526 	.dw	Smain$setup$29-Smain$setup$27
      00013C 03                     527 	.db	3
      00013D 0F                     528 	.sleb128	15
      00013E 01                     529 	.db	1
      00013F 04                     530 	.db	4
      000140 01                     531 	.uleb128	1
      000141 09                     532 	.db	9
      000142 00 04                  533 	.dw	Smain$setup$31-Smain$setup$29
      000144 03                     534 	.db	3
      000145 9A 7E                  535 	.sleb128	-230
      000147 01                     536 	.db	1
      000148 09                     537 	.db	9
      000149 00 03                  538 	.dw	Smain$setup$32-Smain$setup$31
      00014B 03                     539 	.db	3
      00014C 01                     540 	.sleb128	1
      00014D 01                     541 	.db	1
      00014E 09                     542 	.db	9
      00014F 00 0A                  543 	.dw	Smain$setup$33-Smain$setup$32
      000151 03                     544 	.db	3
      000152 01                     545 	.sleb128	1
      000153 01                     546 	.db	1
      000154 09                     547 	.db	9
      000155 00 01                  548 	.dw	1+Smain$setup$34-Smain$setup$33
      000157 00                     549 	.db	0
      000158 01                     550 	.uleb128	1
      000159 01                     551 	.db	1
      00015A 00                     552 	.db	0
      00015B 05                     553 	.uleb128	5
      00015C 02                     554 	.db	2
      00015D 00 00r00r54            555 	.dw	0,(Smain$generateNoise$36)
      000161 03                     556 	.db	3
      000162 1D                     557 	.sleb128	29
      000163 01                     558 	.db	1
      000164 09                     559 	.db	9
      000165 00 02                  560 	.dw	Smain$generateNoise$39-Smain$generateNoise$36
      000167 03                     561 	.db	3
      000168 06                     562 	.sleb128	6
      000169 01                     563 	.db	1
      00016A 09                     564 	.db	9
      00016B 00 2F                  565 	.dw	Smain$generateNoise$43-Smain$generateNoise$39
      00016D 03                     566 	.db	3
      00016E 01                     567 	.sleb128	1
      00016F 01                     568 	.db	1
      000170 09                     569 	.db	9
      000171 00 09                  570 	.dw	Smain$generateNoise$45-Smain$generateNoise$43
      000173 03                     571 	.db	3
      000174 01                     572 	.sleb128	1
      000175 01                     573 	.db	1
      000176 09                     574 	.db	9
      000177 00 03                  575 	.dw	1+Smain$generateNoise$47-Smain$generateNoise$45
      000179 00                     576 	.db	0
      00017A 01                     577 	.uleb128	1
      00017B 01                     578 	.db	1
      00017C 00                     579 	.db	0
      00017D 05                     580 	.uleb128	5
      00017E 02                     581 	.db	2
      00017F 00 00r00r91            582 	.dw	0,(Smain$loop$49)
      000183 03                     583 	.db	3
      000184 28                     584 	.sleb128	40
      000185 01                     585 	.db	1
      000186 09                     586 	.db	9
      000187 00 02                  587 	.dw	Smain$loop$52-Smain$loop$49
      000189 03                     588 	.db	3
      00018A 01                     589 	.sleb128	1
      00018B 01                     590 	.db	1
      00018C 09                     591 	.db	9
      00018D 00 23                  592 	.dw	Smain$loop$54-Smain$loop$52
      00018F 03                     593 	.db	3
      000190 01                     594 	.sleb128	1
      000191 01                     595 	.db	1
      000192 09                     596 	.db	9
      000193 00 0A                  597 	.dw	Smain$loop$55-Smain$loop$54
      000195 03                     598 	.db	3
      000196 01                     599 	.sleb128	1
      000197 01                     600 	.db	1
      000198 04                     601 	.db	4
      000199 03                     602 	.uleb128	3
      00019A 09                     603 	.db	9
      00019B 00 06                  604 	.dw	Smain$loop$57-Smain$loop$55
      00019D 03                     605 	.db	3
      00019E 89 02                  606 	.sleb128	265
      0001A0 01                     607 	.db	1
      0001A1 04                     608 	.db	4
      0001A2 01                     609 	.uleb128	1
      0001A3 09                     610 	.db	9
      0001A4 00 04                  611 	.dw	Smain$loop$59-Smain$loop$57
      0001A6 03                     612 	.db	3
      0001A7 F8 7D                  613 	.sleb128	-264
      0001A9 01                     614 	.db	1
      0001AA 09                     615 	.db	9
      0001AB 00 00                  616 	.dw	Smain$loop$60-Smain$loop$59
      0001AD 03                     617 	.db	3
      0001AE 02                     618 	.sleb128	2
      0001AF 01                     619 	.db	1
      0001B0 09                     620 	.db	9
      0001B1 00 03                  621 	.dw	1+Smain$loop$62-Smain$loop$60
      0001B3 00                     622 	.db	0
      0001B4 01                     623 	.uleb128	1
      0001B5 01                     624 	.db	1
      0001B6 00                     625 	.db	0
      0001B7 05                     626 	.uleb128	5
      0001B8 02                     627 	.db	2
      0001B9 00 00r00rCD            628 	.dw	0,(Smain$main$64)
      0001BD 03                     629 	.db	3
      0001BE 30                     630 	.sleb128	48
      0001BF 01                     631 	.db	1
      0001C0 09                     632 	.db	9
      0001C1 00 00                  633 	.dw	Smain$main$66-Smain$main$64
      0001C3 03                     634 	.db	3
      0001C4 01                     635 	.sleb128	1
      0001C5 01                     636 	.db	1
      0001C6 09                     637 	.db	9
      0001C7 00 03                  638 	.dw	Smain$main$67-Smain$main$66
      0001C9 03                     639 	.db	3
      0001CA 01                     640 	.sleb128	1
      0001CB 01                     641 	.db	1
      0001CC 09                     642 	.db	9
      0001CD 00 00                  643 	.dw	Smain$main$68-Smain$main$67
      0001CF 03                     644 	.db	3
      0001D0 01                     645 	.sleb128	1
      0001D1 01                     646 	.db	1
      0001D2 09                     647 	.db	9
      0001D3 00 05                  648 	.dw	Smain$main$69-Smain$main$68
      0001D5 03                     649 	.db	3
      0001D6 01                     650 	.sleb128	1
      0001D7 01                     651 	.db	1
      0001D8 09                     652 	.db	9
      0001D9 00 01                  653 	.dw	1+Smain$main$70-Smain$main$69
      0001DB 00                     654 	.db	0
      0001DC 01                     655 	.uleb128	1
      0001DD 01                     656 	.db	1
      0001DE                        657 Ldebug_line_end:
                                    658 
                                    659 	.area .debug_loc (NOLOAD)
      000000                        660 Ldebug_loc_start:
      000000 00 00r00rCD            661 	.dw	0,(Smain$main$65)
      000004 00 00r00rD6            662 	.dw	0,(Smain$main$71)
      000008 00 02                  663 	.dw	2
      00000A 78                     664 	.db	120
      00000B 01                     665 	.sleb128	1
      00000C 00 00 00 00            666 	.dw	0,0
      000010 00 00 00 00            667 	.dw	0,0
      000014 00 00r00rCC            668 	.dw	0,(Smain$loop$61)
      000018 00 00r00rCD            669 	.dw	0,(Smain$loop$63)
      00001C 00 02                  670 	.dw	2
      00001E 78                     671 	.db	120
      00001F 01                     672 	.sleb128	1
      000020 00 00r00r93            673 	.dw	0,(Smain$loop$51)
      000024 00 00r00rCC            674 	.dw	0,(Smain$loop$61)
      000028 00 02                  675 	.dw	2
      00002A 78                     676 	.db	120
      00002B 05                     677 	.sleb128	5
      00002C 00 00r00r91            678 	.dw	0,(Smain$loop$50)
      000030 00 00r00r93            679 	.dw	0,(Smain$loop$51)
      000034 00 02                  680 	.dw	2
      000036 78                     681 	.db	120
      000037 01                     682 	.sleb128	1
      000038 00 00 00 00            683 	.dw	0,0
      00003C 00 00 00 00            684 	.dw	0,0
      000040 00 00r00r90            685 	.dw	0,(Smain$generateNoise$46)
      000044 00 00r00r91            686 	.dw	0,(Smain$generateNoise$48)
      000048 00 02                  687 	.dw	2
      00004A 78                     688 	.db	120
      00004B 01                     689 	.sleb128	1
      00004C 00 00r00r56            690 	.dw	0,(Smain$generateNoise$38)
      000050 00 00r00r90            691 	.dw	0,(Smain$generateNoise$46)
      000054 00 02                  692 	.dw	2
      000056 78                     693 	.db	120
      000057 05                     694 	.sleb128	5
      000058 00 00r00r54            695 	.dw	0,(Smain$generateNoise$37)
      00005C 00 00r00r56            696 	.dw	0,(Smain$generateNoise$38)
      000060 00 02                  697 	.dw	2
      000062 78                     698 	.db	120
      000063 01                     699 	.sleb128	1
      000064 00 00 00 00            700 	.dw	0,0
      000068 00 00 00 00            701 	.dw	0,0
      00006C 00 00r00r00            702 	.dw	0,(Smain$setup$1)
      000070 00 00r00r54            703 	.dw	0,(Smain$setup$35)
      000074 00 02                  704 	.dw	2
      000076 78                     705 	.db	120
      000077 01                     706 	.sleb128	1
      000078 00 00 00 00            707 	.dw	0,0
      00007C 00 00 00 00            708 	.dw	0,0
                                    709 
                                    710 	.area .debug_abbrev (NOLOAD)
      000000                        711 Ldebug_abbrev:
      000000 09                     712 	.uleb128	9
      000001 0F                     713 	.uleb128	15
      000002 00                     714 	.db	0
      000003 0B                     715 	.uleb128	11
      000004 0B                     716 	.uleb128	11
      000005 49                     717 	.uleb128	73
      000006 13                     718 	.uleb128	19
      000007 00                     719 	.uleb128	0
      000008 00                     720 	.uleb128	0
      000009 07                     721 	.uleb128	7
      00000A 35                     722 	.uleb128	53
      00000B 00                     723 	.db	0
      00000C 49                     724 	.uleb128	73
      00000D 13                     725 	.uleb128	19
      00000E 00                     726 	.uleb128	0
      00000F 00                     727 	.uleb128	0
      000010 0C                     728 	.uleb128	12
      000011 0B                     729 	.uleb128	11
      000012 00                     730 	.db	0
      000013 00                     731 	.uleb128	0
      000014 00                     732 	.uleb128	0
      000015 0D                     733 	.uleb128	13
      000016 0B                     734 	.uleb128	11
      000017 01                     735 	.db	1
      000018 00                     736 	.uleb128	0
      000019 00                     737 	.uleb128	0
      00001A 12                     738 	.uleb128	18
      00001B 34                     739 	.uleb128	52
      00001C 00                     740 	.db	0
      00001D 02                     741 	.uleb128	2
      00001E 0A                     742 	.uleb128	10
      00001F 03                     743 	.uleb128	3
      000020 08                     744 	.uleb128	8
      000021 3F                     745 	.uleb128	63
      000022 0C                     746 	.uleb128	12
      000023 49                     747 	.uleb128	73
      000024 13                     748 	.uleb128	19
      000025 00                     749 	.uleb128	0
      000026 00                     750 	.uleb128	0
      000027 02                     751 	.uleb128	2
      000028 2E                     752 	.uleb128	46
      000029 01                     753 	.db	1
      00002A 01                     754 	.uleb128	1
      00002B 13                     755 	.uleb128	19
      00002C 03                     756 	.uleb128	3
      00002D 08                     757 	.uleb128	8
      00002E 11                     758 	.uleb128	17
      00002F 01                     759 	.uleb128	1
      000030 12                     760 	.uleb128	18
      000031 01                     761 	.uleb128	1
      000032 3F                     762 	.uleb128	63
      000033 0C                     763 	.uleb128	12
      000034 40                     764 	.uleb128	64
      000035 06                     765 	.uleb128	6
      000036 00                     766 	.uleb128	0
      000037 00                     767 	.uleb128	0
      000038 05                     768 	.uleb128	5
      000039 34                     769 	.uleb128	52
      00003A 00                     770 	.db	0
      00003B 02                     771 	.uleb128	2
      00003C 0A                     772 	.uleb128	10
      00003D 03                     773 	.uleb128	3
      00003E 08                     774 	.uleb128	8
      00003F 49                     775 	.uleb128	73
      000040 13                     776 	.uleb128	19
      000041 00                     777 	.uleb128	0
      000042 00                     778 	.uleb128	0
      000043 0F                     779 	.uleb128	15
      000044 2E                     780 	.uleb128	46
      000045 01                     781 	.db	1
      000046 01                     782 	.uleb128	1
      000047 13                     783 	.uleb128	19
      000048 03                     784 	.uleb128	3
      000049 08                     785 	.uleb128	8
      00004A 11                     786 	.uleb128	17
      00004B 01                     787 	.uleb128	1
      00004C 12                     788 	.uleb128	18
      00004D 01                     789 	.uleb128	1
      00004E 3F                     790 	.uleb128	63
      00004F 0C                     791 	.uleb128	12
      000050 40                     792 	.uleb128	64
      000051 06                     793 	.uleb128	6
      000052 49                     794 	.uleb128	73
      000053 13                     795 	.uleb128	19
      000054 00                     796 	.uleb128	0
      000055 00                     797 	.uleb128	0
      000056 03                     798 	.uleb128	3
      000057 0B                     799 	.uleb128	11
      000058 01                     800 	.db	1
      000059 01                     801 	.uleb128	1
      00005A 13                     802 	.uleb128	19
      00005B 00                     803 	.uleb128	0
      00005C 00                     804 	.uleb128	0
      00005D 10                     805 	.uleb128	16
      00005E 0B                     806 	.uleb128	11
      00005F 01                     807 	.db	1
      000060 11                     808 	.uleb128	17
      000061 01                     809 	.uleb128	1
      000062 00                     810 	.uleb128	0
      000063 00                     811 	.uleb128	0
      000064 01                     812 	.uleb128	1
      000065 11                     813 	.uleb128	17
      000066 01                     814 	.db	1
      000067 03                     815 	.uleb128	3
      000068 08                     816 	.uleb128	8
      000069 10                     817 	.uleb128	16
      00006A 06                     818 	.uleb128	6
      00006B 13                     819 	.uleb128	19
      00006C 0B                     820 	.uleb128	11
      00006D 25                     821 	.uleb128	37
      00006E 08                     822 	.uleb128	8
      00006F 00                     823 	.uleb128	0
      000070 00                     824 	.uleb128	0
      000071 04                     825 	.uleb128	4
      000072 0B                     826 	.uleb128	11
      000073 00                     827 	.db	0
      000074 11                     828 	.uleb128	17
      000075 01                     829 	.uleb128	1
      000076 12                     830 	.uleb128	18
      000077 01                     831 	.uleb128	1
      000078 00                     832 	.uleb128	0
      000079 00                     833 	.uleb128	0
      00007A 08                     834 	.uleb128	8
      00007B 0D                     835 	.uleb128	13
      00007C 00                     836 	.db	0
      00007D 03                     837 	.uleb128	3
      00007E 08                     838 	.uleb128	8
      00007F 38                     839 	.uleb128	56
      000080 0A                     840 	.uleb128	10
      000081 49                     841 	.uleb128	73
      000082 13                     842 	.uleb128	19
      000083 00                     843 	.uleb128	0
      000084 00                     844 	.uleb128	0
      000085 0A                     845 	.uleb128	10
      000086 0B                     846 	.uleb128	11
      000087 01                     847 	.db	1
      000088 01                     848 	.uleb128	1
      000089 13                     849 	.uleb128	19
      00008A 11                     850 	.uleb128	17
      00008B 01                     851 	.uleb128	1
      00008C 00                     852 	.uleb128	0
      00008D 00                     853 	.uleb128	0
      00008E 11                     854 	.uleb128	17
      00008F 2E                     855 	.uleb128	46
      000090 00                     856 	.db	0
      000091 03                     857 	.uleb128	3
      000092 08                     858 	.uleb128	8
      000093 11                     859 	.uleb128	17
      000094 01                     860 	.uleb128	1
      000095 12                     861 	.uleb128	18
      000096 01                     862 	.uleb128	1
      000097 3F                     863 	.uleb128	63
      000098 0C                     864 	.uleb128	12
      000099 40                     865 	.uleb128	64
      00009A 06                     866 	.uleb128	6
      00009B 00                     867 	.uleb128	0
      00009C 00                     868 	.uleb128	0
      00009D 0B                     869 	.uleb128	11
      00009E 0B                     870 	.uleb128	11
      00009F 01                     871 	.db	1
      0000A0 01                     872 	.uleb128	1
      0000A1 13                     873 	.uleb128	19
      0000A2 11                     874 	.uleb128	17
      0000A3 01                     875 	.uleb128	1
      0000A4 12                     876 	.uleb128	18
      0000A5 01                     877 	.uleb128	1
      0000A6 00                     878 	.uleb128	0
      0000A7 00                     879 	.uleb128	0
      0000A8 06                     880 	.uleb128	6
      0000A9 13                     881 	.uleb128	19
      0000AA 01                     882 	.db	1
      0000AB 01                     883 	.uleb128	1
      0000AC 13                     884 	.uleb128	19
      0000AD 03                     885 	.uleb128	3
      0000AE 08                     886 	.uleb128	8
      0000AF 0B                     887 	.uleb128	11
      0000B0 0B                     888 	.uleb128	11
      0000B1 00                     889 	.uleb128	0
      0000B2 00                     890 	.uleb128	0
      0000B3 0E                     891 	.uleb128	14
      0000B4 24                     892 	.uleb128	36
      0000B5 00                     893 	.db	0
      0000B6 03                     894 	.uleb128	3
      0000B7 08                     895 	.uleb128	8
      0000B8 0B                     896 	.uleb128	11
      0000B9 0B                     897 	.uleb128	11
      0000BA 3E                     898 	.uleb128	62
      0000BB 0B                     899 	.uleb128	11
      0000BC 00                     900 	.uleb128	0
      0000BD 00                     901 	.uleb128	0
      0000BE 00                     902 	.uleb128	0
                                    903 
                                    904 	.area .debug_info (NOLOAD)
      000000 00 00 03 98            905 	.dw	0,Ldebug_info_end-Ldebug_info_start
      000004                        906 Ldebug_info_start:
      000004 00 02                  907 	.dw	2
      000006 00 00r00r00            908 	.dw	0,(Ldebug_abbrev)
      00000A 04                     909 	.db	4
      00000B 01                     910 	.uleb128	1
      00000C 6D 61 69 6E 2E 63      911 	.ascii "main.c"
      000012 00                     912 	.db	0
      000013 00 00r00r00            913 	.dw	0,(Ldebug_line_start+-4)
      000017 01                     914 	.db	1
      000018 53 44 43 43 20 76 65   915 	.ascii "SDCC version 4.0.7 #11994"
             72 73 69 6F 6E 20 34
             2E 30 2E 37 20 23 31
             31 39 39 34
      000031 00                     916 	.db	0
      000032 02                     917 	.uleb128	2
      000033 00 00 02 7E            918 	.dw	0,638
      000037 73 65 74 75 70         919 	.ascii "setup"
      00003C 00                     920 	.db	0
      00003D 00 00r00r00            921 	.dw	0,(_setup)
      000041 00 00r00r54            922 	.dw	0,(XG$setup$0$0+1)
      000045 01                     923 	.db	1
      000046 00 00r00r6C            924 	.dw	0,(Ldebug_loc_start+108)
      00004A 03                     925 	.uleb128	3
      00004B 00 00 00 89            926 	.dw	0,137
      00004F 03                     927 	.uleb128	3
      000050 00 00 00 73            928 	.dw	0,115
      000054 04                     929 	.uleb128	4
      000055 00 00r00r00            930 	.dw	0,(Smain$setup$2)
      000059 00 00r00r0E            931 	.dw	0,(Smain$setup$5)
      00005D 05                     932 	.uleb128	5
      00005E 02                     933 	.db	2
      00005F 91                     934 	.db	145
      000060 00                     935 	.sleb128	0
      000061 48 53 49 50 72 65 73   936 	.ascii "HSIPrescaler"
             63 61 6C 65 72
      00006D 00                     937 	.db	0
      00006E 00 00 02 7E            938 	.dw	0,638
      000072 00                     939 	.uleb128	0
      000073 05                     940 	.uleb128	5
      000074 02                     941 	.db	2
      000075 91                     942 	.db	145
      000076 00                     943 	.sleb128	0
      000077 5F 5F 31 33 31 30 37   944 	.ascii "__1310720142"
             32 30 31 34 32
      000083 00                     945 	.db	0
      000084 00 00 02 7E            946 	.dw	0,638
      000088 00                     947 	.uleb128	0
      000089 03                     948 	.uleb128	3
      00008A 00 00 01 1B            949 	.dw	0,283
      00008E 03                     950 	.uleb128	3
      00008F 00 00 00 AB            951 	.dw	0,171
      000093 04                     952 	.uleb128	4
      000094 00 00r00r0E            953 	.dw	0,(Smain$setup$5)
      000098 00 00r00r1E            954 	.dw	0,(Smain$setup$10)
      00009C 05                     955 	.uleb128	5
      00009D 02                     956 	.db	2
      00009E 91                     957 	.db	145
      00009F 00                     958 	.sleb128	0
      0000A0 47 50 49 4F 78         959 	.ascii "GPIOx"
      0000A5 00                     960 	.db	0
      0000A6 00 00 00 FF            961 	.dw	0,255
      0000AA 00                     962 	.uleb128	0
      0000AB 06                     963 	.uleb128	6
      0000AC 00 00 00 FF            964 	.dw	0,255
      0000B0 47 50 49 4F 5F 73 74   965 	.ascii "GPIO_struct"
             72 75 63 74
      0000BB 00                     966 	.db	0
      0000BC 05                     967 	.db	5
      0000BD 07                     968 	.uleb128	7
      0000BE 00 00 02 7E            969 	.dw	0,638
      0000C2 08                     970 	.uleb128	8
      0000C3 4F 44 52               971 	.ascii "ODR"
      0000C6 00                     972 	.db	0
      0000C7 02                     973 	.db	2
      0000C8 23                     974 	.db	35
      0000C9 00                     975 	.uleb128	0
      0000CA 00 00 00 BD            976 	.dw	0,189
      0000CE 08                     977 	.uleb128	8
      0000CF 49 44 52               978 	.ascii "IDR"
      0000D2 00                     979 	.db	0
      0000D3 02                     980 	.db	2
      0000D4 23                     981 	.db	35
      0000D5 01                     982 	.uleb128	1
      0000D6 00 00 00 BD            983 	.dw	0,189
      0000DA 08                     984 	.uleb128	8
      0000DB 44 44 52               985 	.ascii "DDR"
      0000DE 00                     986 	.db	0
      0000DF 02                     987 	.db	2
      0000E0 23                     988 	.db	35
      0000E1 02                     989 	.uleb128	2
      0000E2 00 00 00 BD            990 	.dw	0,189
      0000E6 08                     991 	.uleb128	8
      0000E7 43 52 31               992 	.ascii "CR1"
      0000EA 00                     993 	.db	0
      0000EB 02                     994 	.db	2
      0000EC 23                     995 	.db	35
      0000ED 03                     996 	.uleb128	3
      0000EE 00 00 00 BD            997 	.dw	0,189
      0000F2 08                     998 	.uleb128	8
      0000F3 43 52 32               999 	.ascii "CR2"
      0000F6 00                    1000 	.db	0
      0000F7 02                    1001 	.db	2
      0000F8 23                    1002 	.db	35
      0000F9 04                    1003 	.uleb128	4
      0000FA 00 00 00 BD           1004 	.dw	0,189
      0000FE 00                    1005 	.uleb128	0
      0000FF 09                    1006 	.uleb128	9
      000100 02                    1007 	.db	2
      000101 00 00 00 AB           1008 	.dw	0,171
      000105 05                    1009 	.uleb128	5
      000106 02                    1010 	.db	2
      000107 91                    1011 	.db	145
      000108 00                    1012 	.sleb128	0
      000109 5F 5F 31 33 31 30 37  1013 	.ascii "__1310720144"
             32 30 31 34 34
      000115 00                    1014 	.db	0
      000116 00 00 00 FF           1015 	.dw	0,255
      00011A 00                    1016 	.uleb128	0
      00011B 03                    1017 	.uleb128	3
      00011C 00 00 01 CE           1018 	.dw	0,462
      000120 03                    1019 	.uleb128	3
      000121 00 00 01 8E           1020 	.dw	0,398
      000125 0A                    1021 	.uleb128	10
      000126 00 00 01 5C           1022 	.dw	0,348
      00012A 00 00r00r1E           1023 	.dw	0,(Smain$setup$10)
      00012E 0B                    1024 	.uleb128	11
      00012F 00 00 01 46           1025 	.dw	0,326
      000133 00 00r00r26           1026 	.dw	0,(Smain$setup$14)
      000137 00 00r00r2A           1027 	.dw	0,(Smain$setup$16)
      00013B 04                    1028 	.uleb128	4
      00013C 00 00r00r22           1029 	.dw	0,(Smain$setup$12)
      000140 00 00r00r26           1030 	.dw	0,(Smain$setup$14)
      000144 0C                    1031 	.uleb128	12
      000145 00                    1032 	.uleb128	0
      000146 0C                    1033 	.uleb128	12
      000147 04                    1034 	.uleb128	4
      000148 00 00r00r2A           1035 	.dw	0,(Smain$setup$16)
      00014C 00 00r00r2E           1036 	.dw	0,(Smain$setup$18)
      000150 0C                    1037 	.uleb128	12
      000151 0C                    1038 	.uleb128	12
      000152 04                    1039 	.uleb128	4
      000153 00 00r00r2E           1040 	.dw	0,(Smain$setup$18)
      000157 00 00r00r32           1041 	.dw	0,(Smain$setup$20)
      00015B 00                    1042 	.uleb128	0
      00015C 05                    1043 	.uleb128	5
      00015D 02                    1044 	.db	2
      00015E 91                    1045 	.db	145
      00015F 00                    1046 	.sleb128	0
      000160 47 50 49 4F 78        1047 	.ascii "GPIOx"
      000165 00                    1048 	.db	0
      000166 00 00 00 FF           1049 	.dw	0,255
      00016A 05                    1050 	.uleb128	5
      00016B 02                    1051 	.db	2
      00016C 91                    1052 	.db	145
      00016D 00                    1053 	.sleb128	0
      00016E 47 50 49 4F 5F 50 69  1054 	.ascii "GPIO_Pin"
             6E
      000176 00                    1055 	.db	0
      000177 00 00 02 7E           1056 	.dw	0,638
      00017B 05                    1057 	.uleb128	5
      00017C 02                    1058 	.db	2
      00017D 91                    1059 	.db	145
      00017E 00                    1060 	.sleb128	0
      00017F 47 50 49 4F 5F 4D 6F  1061 	.ascii "GPIO_Mode"
             64 65
      000188 00                    1062 	.db	0
      000189 00 00 02 7E           1063 	.dw	0,638
      00018D 00                    1064 	.uleb128	0
      00018E 05                    1065 	.uleb128	5
      00018F 02                    1066 	.db	2
      000190 91                    1067 	.db	145
      000191 00                    1068 	.sleb128	0
      000192 5F 5F 31 33 31 30 37  1069 	.ascii "__1310720146"
             32 30 31 34 36
      00019E 00                    1070 	.db	0
      00019F 00 00 00 FF           1071 	.dw	0,255
      0001A3 05                    1072 	.uleb128	5
      0001A4 02                    1073 	.db	2
      0001A5 91                    1074 	.db	145
      0001A6 00                    1075 	.sleb128	0
      0001A7 5F 5F 31 33 31 30 37  1076 	.ascii "__1310720147"
             32 30 31 34 37
      0001B3 00                    1077 	.db	0
      0001B4 00 00 02 7E           1078 	.dw	0,638
      0001B8 05                    1079 	.uleb128	5
      0001B9 02                    1080 	.db	2
      0001BA 91                    1081 	.db	145
      0001BB 00                    1082 	.sleb128	0
      0001BC 5F 5F 31 33 31 30 37  1083 	.ascii "__1310720148"
             32 30 31 34 38
      0001C8 00                    1084 	.db	0
      0001C9 00 00 02 7E           1085 	.dw	0,638
      0001CD 00                    1086 	.uleb128	0
      0001CE 0D                    1087 	.uleb128	13
      0001CF 03                    1088 	.uleb128	3
      0001D0 00 00 02 3D           1089 	.dw	0,573
      0001D4 0A                    1090 	.uleb128	10
      0001D5 00 00 02 0B           1091 	.dw	0,523
      0001D9 00 00r00r32           1092 	.dw	0,(Smain$setup$20)
      0001DD 0B                    1093 	.uleb128	11
      0001DE 00 00 01 F5           1094 	.dw	0,501
      0001E2 00 00r00r3A           1095 	.dw	0,(Smain$setup$24)
      0001E6 00 00r00r3E           1096 	.dw	0,(Smain$setup$26)
      0001EA 04                    1097 	.uleb128	4
      0001EB 00 00r00r36           1098 	.dw	0,(Smain$setup$22)
      0001EF 00 00r00r3A           1099 	.dw	0,(Smain$setup$24)
      0001F3 0C                    1100 	.uleb128	12
      0001F4 00                    1101 	.uleb128	0
      0001F5 0C                    1102 	.uleb128	12
      0001F6 04                    1103 	.uleb128	4
      0001F7 00 00r00r3E           1104 	.dw	0,(Smain$setup$26)
      0001FB 00 00r00r42           1105 	.dw	0,(Smain$setup$28)
      0001FF 0C                    1106 	.uleb128	12
      000200 0C                    1107 	.uleb128	12
      000201 04                    1108 	.uleb128	4
      000202 00 00r00r42           1109 	.dw	0,(Smain$setup$28)
      000206 00 00r00r46           1110 	.dw	0,(Smain$setup$30)
      00020A 00                    1111 	.uleb128	0
      00020B 05                    1112 	.uleb128	5
      00020C 02                    1113 	.db	2
      00020D 91                    1114 	.db	145
      00020E 00                    1115 	.sleb128	0
      00020F 47 50 49 4F 78        1116 	.ascii "GPIOx"
      000214 00                    1117 	.db	0
      000215 00 00 00 FF           1118 	.dw	0,255
      000219 05                    1119 	.uleb128	5
      00021A 02                    1120 	.db	2
      00021B 91                    1121 	.db	145
      00021C 00                    1122 	.sleb128	0
      00021D 47 50 49 4F 5F 50 69  1123 	.ascii "GPIO_Pin"
             6E
      000225 00                    1124 	.db	0
      000226 00 00 02 7E           1125 	.dw	0,638
      00022A 05                    1126 	.uleb128	5
      00022B 02                    1127 	.db	2
      00022C 91                    1128 	.db	145
      00022D 00                    1129 	.sleb128	0
      00022E 47 50 49 4F 5F 4D 6F  1130 	.ascii "GPIO_Mode"
             64 65
      000237 00                    1131 	.db	0
      000238 00 00 02 7E           1132 	.dw	0,638
      00023C 00                    1133 	.uleb128	0
      00023D 05                    1134 	.uleb128	5
      00023E 02                    1135 	.db	2
      00023F 91                    1136 	.db	145
      000240 00                    1137 	.sleb128	0
      000241 5F 5F 31 33 31 30 37  1138 	.ascii "__1310720150"
             32 30 31 35 30
      00024D 00                    1139 	.db	0
      00024E 00 00 00 FF           1140 	.dw	0,255
      000252 05                    1141 	.uleb128	5
      000253 02                    1142 	.db	2
      000254 91                    1143 	.db	145
      000255 00                    1144 	.sleb128	0
      000256 5F 5F 31 33 31 30 37  1145 	.ascii "__1310720151"
             32 30 31 35 31
      000262 00                    1146 	.db	0
      000263 00 00 02 7E           1147 	.dw	0,638
      000267 05                    1148 	.uleb128	5
      000268 02                    1149 	.db	2
      000269 91                    1150 	.db	145
      00026A 00                    1151 	.sleb128	0
      00026B 5F 5F 31 33 31 30 37  1152 	.ascii "__1310720152"
             32 30 31 35 32
      000277 00                    1153 	.db	0
      000278 00 00 02 7E           1154 	.dw	0,638
      00027C 00                    1155 	.uleb128	0
      00027D 00                    1156 	.uleb128	0
      00027E 0E                    1157 	.uleb128	14
      00027F 75 6E 73 69 67 6E 65  1158 	.ascii "unsigned char"
             64 20 63 68 61 72
      00028C 00                    1159 	.db	0
      00028D 01                    1160 	.db	1
      00028E 08                    1161 	.db	8
      00028F 0E                    1162 	.uleb128	14
      000290 75 6E 73 69 67 6E 65  1163 	.ascii "unsigned int"
             64 20 69 6E 74
      00029C 00                    1164 	.db	0
      00029D 02                    1165 	.db	2
      00029E 07                    1166 	.db	7
      00029F 0F                    1167 	.uleb128	15
      0002A0 00 00 02 D6           1168 	.dw	0,726
      0002A4 67 65 6E 65 72 61 74  1169 	.ascii "generateNoise"
             65 4E 6F 69 73 65
      0002B1 00                    1170 	.db	0
      0002B2 00 00r00r54           1171 	.dw	0,(_generateNoise)
      0002B6 00 00r00r91           1172 	.dw	0,(XG$generateNoise$0$0+1)
      0002BA 01                    1173 	.db	1
      0002BB 00 00r00r40           1174 	.dw	0,(Ldebug_loc_start+64)
      0002BF 00 00 02 8F           1175 	.dw	0,655
      0002C3 04                    1176 	.uleb128	4
      0002C4 00 00r00r69           1177 	.dw	0,(Smain$generateNoise$40)
      0002C8 00 00r00r85           1178 	.dw	0,(Smain$generateNoise$41)
      0002CC 04                    1179 	.uleb128	4
      0002CD 00 00r00r85           1180 	.dw	0,(Smain$generateNoise$42)
      0002D1 00 00r00r8E           1181 	.dw	0,(Smain$generateNoise$44)
      0002D5 00                    1182 	.uleb128	0
      0002D6 02                    1183 	.uleb128	2
      0002D7 00 00 03 4E           1184 	.dw	0,846
      0002DB 6C 6F 6F 70           1185 	.ascii "loop"
      0002DF 00                    1186 	.db	0
      0002E0 00 00r00r91           1187 	.dw	0,(_loop)
      0002E4 00 00r00rCD           1188 	.dw	0,(XG$loop$0$0+1)
      0002E8 01                    1189 	.db	1
      0002E9 00 00r00r14           1190 	.dw	0,(Ldebug_loc_start+20)
      0002ED 10                    1191 	.uleb128	16
      0002EE 00 00r00rB6           1192 	.dw	0,(Smain$loop$53)
      0002F2 0D                    1193 	.uleb128	13
      0002F3 03                    1194 	.uleb128	3
      0002F4 00 00 03 21           1195 	.dw	0,801
      0002F8 04                    1196 	.uleb128	4
      0002F9 00 00r00rC6           1197 	.dw	0,(Smain$loop$56)
      0002FD 00 00r00rCA           1198 	.dw	0,(Smain$loop$58)
      000301 05                    1199 	.uleb128	5
      000302 02                    1200 	.db	2
      000303 91                    1201 	.db	145
      000304 00                    1202 	.sleb128	0
      000305 47 50 49 4F 78        1203 	.ascii "GPIOx"
      00030A 00                    1204 	.db	0
      00030B 00 00 00 FF           1205 	.dw	0,255
      00030F 05                    1206 	.uleb128	5
      000310 02                    1207 	.db	2
      000311 91                    1208 	.db	145
      000312 00                    1209 	.sleb128	0
      000313 50 6F 72 74 50 69 6E  1210 	.ascii "PortPins"
             73
      00031B 00                    1211 	.db	0
      00031C 00 00 02 7E           1212 	.dw	0,638
      000320 00                    1213 	.uleb128	0
      000321 05                    1214 	.uleb128	5
      000322 02                    1215 	.db	2
      000323 91                    1216 	.db	145
      000324 00                    1217 	.sleb128	0
      000325 5F 5F 31 39 36 36 30  1218 	.ascii "__1966080154"
             38 30 31 35 34
      000331 00                    1219 	.db	0
      000332 00 00 00 FF           1220 	.dw	0,255
      000336 05                    1221 	.uleb128	5
      000337 02                    1222 	.db	2
      000338 91                    1223 	.db	145
      000339 00                    1224 	.sleb128	0
      00033A 5F 5F 31 39 36 36 30  1225 	.ascii "__1966080155"
             38 30 31 35 35
      000346 00                    1226 	.db	0
      000347 00 00 02 7E           1227 	.dw	0,638
      00034B 00                    1228 	.uleb128	0
      00034C 00                    1229 	.uleb128	0
      00034D 00                    1230 	.uleb128	0
      00034E 11                    1231 	.uleb128	17
      00034F 6D 61 69 6E           1232 	.ascii "main"
      000353 00                    1233 	.db	0
      000354 00 00r00rCD           1234 	.dw	0,(_main)
      000358 00 00r00rD6           1235 	.dw	0,(XG$main$0$0+1)
      00035C 01                    1236 	.db	1
      00035D 00 00r00r00           1237 	.dw	0,(Ldebug_loc_start)
      000361 0E                    1238 	.uleb128	14
      000362 75 6E 73 69 67 6E 65  1239 	.ascii "unsigned long"
             64 20 6C 6F 6E 67
      00036F 00                    1240 	.db	0
      000370 04                    1241 	.db	4
      000371 07                    1242 	.db	7
      000372 12                    1243 	.uleb128	18
      000373 05                    1244 	.db	5
      000374 03                    1245 	.db	3
      000375 00 00r00r00           1246 	.dw	0,(_lfsr)
      000379 6C 66 73 72           1247 	.ascii "lfsr"
      00037D 00                    1248 	.db	0
      00037E 01                    1249 	.db	1
      00037F 00 00 03 61           1250 	.dw	0,865
      000383 12                    1251 	.uleb128	18
      000384 05                    1252 	.db	5
      000385 03                    1253 	.db	3
      000386 00 00r00r00           1254 	.dw	0,(_lastClick)
      00038A 6C 61 73 74 43 6C 69  1255 	.ascii "lastClick"
             63 6B
      000393 00                    1256 	.db	0
      000394 01                    1257 	.db	1
      000395 00 00 03 61           1258 	.dw	0,865
      000399 00                    1259 	.uleb128	0
      00039A 00                    1260 	.uleb128	0
      00039B 00                    1261 	.uleb128	0
      00039C                       1262 Ldebug_info_end:
                                   1263 
                                   1264 	.area .debug_pubnames (NOLOAD)
      000000 00 00 00 53           1265 	.dw	0,Ldebug_pubnames_end-Ldebug_pubnames_start
      000004                       1266 Ldebug_pubnames_start:
      000004 00 02                 1267 	.dw	2
      000006 00 00r00r00           1268 	.dw	0,(Ldebug_info_start-4)
      00000A 00 00 03 9C           1269 	.dw	0,4+Ldebug_info_end-Ldebug_info_start
      00000E 00 00 00 32           1270 	.dw	0,50
      000012 73 65 74 75 70        1271 	.ascii "setup"
      000017 00                    1272 	.db	0
      000018 00 00 02 9F           1273 	.dw	0,671
      00001C 67 65 6E 65 72 61 74  1274 	.ascii "generateNoise"
             65 4E 6F 69 73 65
      000029 00                    1275 	.db	0
      00002A 00 00 02 D6           1276 	.dw	0,726
      00002E 6C 6F 6F 70           1277 	.ascii "loop"
      000032 00                    1278 	.db	0
      000033 00 00 03 4E           1279 	.dw	0,846
      000037 6D 61 69 6E           1280 	.ascii "main"
      00003B 00                    1281 	.db	0
      00003C 00 00 03 72           1282 	.dw	0,882
      000040 6C 66 73 72           1283 	.ascii "lfsr"
      000044 00                    1284 	.db	0
      000045 00 00 03 83           1285 	.dw	0,899
      000049 6C 61 73 74 43 6C 69  1286 	.ascii "lastClick"
             63 6B
      000052 00                    1287 	.db	0
      000053 00 00 00 00           1288 	.dw	0,0
      000057                       1289 Ldebug_pubnames_end:
                                   1290 
                                   1291 	.area .debug_frame (NOLOAD)
      000000 00 00                 1292 	.dw	0
      000002 00 0E                 1293 	.dw	Ldebug_CIE0_end-Ldebug_CIE0_start
      000004                       1294 Ldebug_CIE0_start:
      000004 FF FF                 1295 	.dw	0xffff
      000006 FF FF                 1296 	.dw	0xffff
      000008 01                    1297 	.db	1
      000009 00                    1298 	.db	0
      00000A 01                    1299 	.uleb128	1
      00000B 7F                    1300 	.sleb128	-1
      00000C 09                    1301 	.db	9
      00000D 0C                    1302 	.db	12
      00000E 08                    1303 	.uleb128	8
      00000F 02                    1304 	.uleb128	2
      000010 89                    1305 	.db	137
      000011 01                    1306 	.uleb128	1
      000012                       1307 Ldebug_CIE0_end:
      000012 00 00 00 13           1308 	.dw	0,19
      000016 00 00r00r00           1309 	.dw	0,(Ldebug_CIE0_start-4)
      00001A 00 00r00rCD           1310 	.dw	0,(Smain$main$65)	;initial loc
      00001E 00 00 00 09           1311 	.dw	0,Smain$main$71-Smain$main$65
      000022 01                    1312 	.db	1
      000023 00 00r00rCD           1313 	.dw	0,(Smain$main$65)
      000027 0E                    1314 	.db	14
      000028 02                    1315 	.uleb128	2
                                   1316 
                                   1317 	.area .debug_frame (NOLOAD)
      000029 00 00                 1318 	.dw	0
      00002B 00 0E                 1319 	.dw	Ldebug_CIE1_end-Ldebug_CIE1_start
      00002D                       1320 Ldebug_CIE1_start:
      00002D FF FF                 1321 	.dw	0xffff
      00002F FF FF                 1322 	.dw	0xffff
      000031 01                    1323 	.db	1
      000032 00                    1324 	.db	0
      000033 01                    1325 	.uleb128	1
      000034 7F                    1326 	.sleb128	-1
      000035 09                    1327 	.db	9
      000036 0C                    1328 	.db	12
      000037 08                    1329 	.uleb128	8
      000038 02                    1330 	.uleb128	2
      000039 89                    1331 	.db	137
      00003A 01                    1332 	.uleb128	1
      00003B                       1333 Ldebug_CIE1_end:
      00003B 00 00 00 21           1334 	.dw	0,33
      00003F 00 00r00r29           1335 	.dw	0,(Ldebug_CIE1_start-4)
      000043 00 00r00r91           1336 	.dw	0,(Smain$loop$50)	;initial loc
      000047 00 00 00 3C           1337 	.dw	0,Smain$loop$63-Smain$loop$50
      00004B 01                    1338 	.db	1
      00004C 00 00r00r91           1339 	.dw	0,(Smain$loop$50)
      000050 0E                    1340 	.db	14
      000051 02                    1341 	.uleb128	2
      000052 01                    1342 	.db	1
      000053 00 00r00r93           1343 	.dw	0,(Smain$loop$51)
      000057 0E                    1344 	.db	14
      000058 06                    1345 	.uleb128	6
      000059 01                    1346 	.db	1
      00005A 00 00r00rCC           1347 	.dw	0,(Smain$loop$61)
      00005E 0E                    1348 	.db	14
      00005F 02                    1349 	.uleb128	2
                                   1350 
                                   1351 	.area .debug_frame (NOLOAD)
      000060 00 00                 1352 	.dw	0
      000062 00 0E                 1353 	.dw	Ldebug_CIE2_end-Ldebug_CIE2_start
      000064                       1354 Ldebug_CIE2_start:
      000064 FF FF                 1355 	.dw	0xffff
      000066 FF FF                 1356 	.dw	0xffff
      000068 01                    1357 	.db	1
      000069 00                    1358 	.db	0
      00006A 01                    1359 	.uleb128	1
      00006B 7F                    1360 	.sleb128	-1
      00006C 09                    1361 	.db	9
      00006D 0C                    1362 	.db	12
      00006E 08                    1363 	.uleb128	8
      00006F 02                    1364 	.uleb128	2
      000070 89                    1365 	.db	137
      000071 01                    1366 	.uleb128	1
      000072                       1367 Ldebug_CIE2_end:
      000072 00 00 00 21           1368 	.dw	0,33
      000076 00 00r00r60           1369 	.dw	0,(Ldebug_CIE2_start-4)
      00007A 00 00r00r54           1370 	.dw	0,(Smain$generateNoise$37)	;initial loc
      00007E 00 00 00 3D           1371 	.dw	0,Smain$generateNoise$48-Smain$generateNoise$37
      000082 01                    1372 	.db	1
      000083 00 00r00r54           1373 	.dw	0,(Smain$generateNoise$37)
      000087 0E                    1374 	.db	14
      000088 02                    1375 	.uleb128	2
      000089 01                    1376 	.db	1
      00008A 00 00r00r56           1377 	.dw	0,(Smain$generateNoise$38)
      00008E 0E                    1378 	.db	14
      00008F 06                    1379 	.uleb128	6
      000090 01                    1380 	.db	1
      000091 00 00r00r90           1381 	.dw	0,(Smain$generateNoise$46)
      000095 0E                    1382 	.db	14
      000096 02                    1383 	.uleb128	2
                                   1384 
                                   1385 	.area .debug_frame (NOLOAD)
      000097 00 00                 1386 	.dw	0
      000099 00 0E                 1387 	.dw	Ldebug_CIE3_end-Ldebug_CIE3_start
      00009B                       1388 Ldebug_CIE3_start:
      00009B FF FF                 1389 	.dw	0xffff
      00009D FF FF                 1390 	.dw	0xffff
      00009F 01                    1391 	.db	1
      0000A0 00                    1392 	.db	0
      0000A1 01                    1393 	.uleb128	1
      0000A2 7F                    1394 	.sleb128	-1
      0000A3 09                    1395 	.db	9
      0000A4 0C                    1396 	.db	12
      0000A5 08                    1397 	.uleb128	8
      0000A6 02                    1398 	.uleb128	2
      0000A7 89                    1399 	.db	137
      0000A8 01                    1400 	.uleb128	1
      0000A9                       1401 Ldebug_CIE3_end:
      0000A9 00 00 00 13           1402 	.dw	0,19
      0000AD 00 00r00r97           1403 	.dw	0,(Ldebug_CIE3_start-4)
      0000B1 00 00r00r00           1404 	.dw	0,(Smain$setup$1)	;initial loc
      0000B5 00 00 00 54           1405 	.dw	0,Smain$setup$35-Smain$setup$1
      0000B9 01                    1406 	.db	1
      0000BA 00 00r00r00           1407 	.dw	0,(Smain$setup$1)
      0000BE 0E                    1408 	.db	14
      0000BF 02                    1409 	.uleb128	2
